# JRE version: Java(TM) SE Runtime Environment (7.0_80-b15) (build 1.7.0_80-b15)
# Java VM: Java HotSpot(TM) 64-Bit Server VM (24.80-b11 mixed mode linux-amd64 compressed oops)
Heap
 PSYoungGen      total 133632K, used 59044K [0x00000000eb700000, 0x00000000fca00000, 0x0000000100000000)
  eden space 122368K, 39% used [0x00000000eb700000,0x00000000ee5a9a00,0x00000000f2e80000)
  from space 11264K, 99% used [0x00000000f2e80000,0x00000000f397f7a0,0x00000000f3980000)
  to   space 18432K, 0% used [0x00000000fb800000,0x00000000fb800000,0x00000000fca00000)
 ParOldGen       total 41984K, used 20187K [0x00000000c2600000, 0x00000000c4f00000, 0x00000000eb700000)
  object space 41984K, 48% used [0x00000000c2600000,0x00000000c39b6e00,0x00000000c4f00000)
 PSPermGen       total 28672K, used 28412K [0x00000000bd400000, 0x00000000bf000000, 0x00000000c2600000)
  object space 28672K, 99% used [0x00000000bd400000,0x00000000befbf238,0x00000000bf000000)
GC Heap History (10 events):
Event: 0.529 GC heap before
{Heap before GC invocations=3 (full 0):
 PSYoungGen      total 34304K, used 32592K [0x00000000eb700000, 0x00000000edb00000, 0x0000000100000000)
  eden space 31744K, 100% used [0x00000000eb700000,0x00000000ed600000,0x00000000ed600000)
  from space 2560K, 33% used [0x00000000ed880000,0x00000000ed954020,0x00000000edb00000)
  to   space 2560K, 0% used [0x00000000ed600000,0x00000000ed600000,0x00000000ed880000)
 ParOldGen       total 41984K, used 16K [0x00000000c2600000, 0x00000000c4f00000, 0x00000000eb700000)
  object space 41984K, 0% used [0x00000000c2600000,0x00000000c2604000,0x00000000c4f00000)
 PSPermGen       total 21504K, used 5970K [0x00000000bd400000, 0x00000000be900000, 0x00000000c2600000)
  object space 21504K, 27% used [0x00000000bd400000,0x00000000bd9d48b8,0x00000000be900000)
Event: 0.536 GC heap after
Heap after GC invocations=3 (full 0):
 PSYoungGen      total 34304K, used 1040K [0x00000000eb700000, 0x00000000efa00000, 0x0000000100000000)
  eden space 31744K, 0% used [0x00000000eb700000,0x00000000eb700000,0x00000000ed600000)
  from space 2560K, 40% used [0x00000000ed600000,0x00000000ed704020,0x00000000ed880000)
  to   space 2560K, 0% used [0x00000000ef780000,0x00000000ef780000,0x00000000efa00000)
 ParOldGen       total 41984K, used 16K [0x00000000c2600000, 0x00000000c4f00000, 0x00000000eb700000)
  object space 41984K, 0% used [0x00000000c2600000,0x00000000c2604000,0x00000000c4f00000)
 PSPermGen       total 21504K, used 5970K [0x00000000bd400000, 0x00000000be900000, 0x00000000c2600000)
  object space 21504K, 27% used [0x00000000bd400000,0x00000000bd9d48b8,0x00000000be900000)
}
Event: 1.149 GC heap before
{Heap before GC invocations=4 (full 0):
 PSYoungGen      total 34304K, used 32784K [0x00000000eb700000, 0x00000000efa00000, 0x0000000100000000)
  eden space 31744K, 100% used [0x00000000eb700000,0x00000000ed600000,0x00000000ed600000)
  from space 2560K, 40% used [0x00000000ed600000,0x00000000ed704020,0x00000000ed880000)
  to   space 2560K, 0% used [0x00000000ef780000,0x00000000ef780000,0x00000000efa00000)
 ParOldGen       total 41984K, used 16K [0x00000000c2600000, 0x00000000c4f00000, 0x00000000eb700000)
  object space 41984K, 0% used [0x00000000c2600000,0x00000000c2604000,0x00000000c4f00000)
 PSPermGen       total 21504K, used 9312K [0x00000000bd400000, 0x00000000be900000, 0x00000000c2600000)
  object space 21504K, 43% used [0x00000000bd400000,0x00000000bdd18110,0x00000000be900000)
Event: 1.165 GC heap after
Heap after GC invocations=4 (full 0):
 PSYoungGen      total 66048K, used 2545K [0x00000000eb700000, 0x00000000efa00000, 0x0000000100000000)
  eden space 63488K, 0% used [0x00000000eb700000,0x00000000eb700000,0x00000000ef500000)
  from space 2560K, 99% used [0x00000000ef780000,0x00000000ef9fc500,0x00000000efa00000)
  to   space 2560K, 0% used [0x00000000ef500000,0x00000000ef500000,0x00000000ef780000)
 ParOldGen       total 41984K, used 2244K [0x00000000c2600000, 0x00000000c4f00000, 0x00000000eb700000)
  object space 41984K, 5% used [0x00000000c2600000,0x00000000c28311a0,0x00000000c4f00000)
 PSPermGen       total 21504K, used 9312K [0x00000000bd400000, 0x00000000be900000, 0x00000000c2600000)
  object space 21504K, 43% used [0x00000000bd400000,0x00000000bdd18110,0x00000000be900000)
}
Event: 2.127 GC heap before
{Heap before GC invocations=5 (full 0):
 PSYoungGen      total 66048K, used 66033K [0x00000000eb700000, 0x00000000efa00000, 0x0000000100000000)
  eden space 63488K, 100% used [0x00000000eb700000,0x00000000ef500000,0x00000000ef500000)
  from space 2560K, 99% used [0x00000000ef780000,0x00000000ef9fc500,0x00000000efa00000)
  to   space 2560K, 0% used [0x00000000ef500000,0x00000000ef500000,0x00000000ef780000)
 ParOldGen       total 41984K, used 2244K [0x00000000c2600000, 0x00000000c4f00000, 0x00000000eb700000)
  object space 41984K, 5% used [0x00000000c2600000,0x00000000c28311a0,0x00000000c4f00000)
 PSPermGen       total 21504K, used 13026K [0x00000000bd400000, 0x00000000be900000, 0x00000000c2600000)
  object space 21504K, 60% used [0x00000000bd400000,0x00000000be0b8968,0x00000000be900000)
Event: 2.145 GC heap after
Heap after GC invocations=5 (full 0):
 PSYoungGen      total 66048K, used 2545K [0x00000000eb700000, 0x00000000f4000000, 0x0000000100000000)
  eden space 63488K, 0% used [0x00000000eb700000,0x00000000eb700000,0x00000000ef500000)
  from space 2560K, 99% used [0x00000000ef500000,0x00000000ef77c500,0x00000000ef780000)
  to   space 6656K, 0% used [0x00000000f3980000,0x00000000f3980000,0x00000000f4000000)
 ParOldGen       total 41984K, used 5392K [0x00000000c2600000, 0x00000000c4f00000, 0x00000000eb700000)
  object space 41984K, 12% used [0x00000000c2600000,0x00000000c2b440c0,0x00000000c4f00000)
 PSPermGen       total 21504K, used 13026K [0x00000000bd400000, 0x00000000be900000, 0x00000000c2600000)
  object space 21504K, 60% used [0x00000000bd400000,0x00000000be0b8968,0x00000000be900000)
}
Event: 3.815 GC heap before
{Heap before GC invocations=6 (full 0):
 PSYoungGen      total 66048K, used 66033K [0x00000000eb700000, 0x00000000f4000000, 0x0000000100000000)
  eden space 63488K, 100% used [0x00000000eb700000,0x00000000ef500000,0x00000000ef500000)
  from space 2560K, 99% used [0x00000000ef500000,0x00000000ef77c500,0x00000000ef780000)
  to   space 6656K, 0% used [0x00000000f3980000,0x00000000f3980000,0x00000000f4000000)
 ParOldGen       total 41984K, used 5392K [0x00000000c2600000, 0x00000000c4f00000, 0x00000000eb700000)
  object space 41984K, 12% used [0x00000000c2600000,0x00000000c2b440c0,0x00000000c4f00000)
 PSPermGen       total 21504K, used 20171K [0x00000000bd400000, 0x00000000be900000, 0x00000000c2600000)
  object space 21504K, 93% used [0x00000000bd400000,0x00000000be7b2ce8,0x00000000be900000)
Event: 3.845 GC heap after
Heap after GC invocations=6 (full 0):
 PSYoungGen      total 129024K, used 6629K [0x00000000eb700000, 0x00000000f4900000, 0x0000000100000000)
  eden space 122368K, 0% used [0x00000000eb700000,0x00000000eb700000,0x00000000f2e80000)
  from space 6656K, 99% used [0x00000000f3980000,0x00000000f3ff96d8,0x00000000f4000000)
  to   space 11264K, 0% used [0x00000000f2e80000,0x00000000f2e80000,0x00000000f3980000)
 ParOldGen       total 41984K, used 10403K [0x00000000c2600000, 0x00000000c4f00000, 0x00000000eb700000)
  object space 41984K, 24% used [0x00000000c2600000,0x00000000c3028f68,0x00000000c4f00000)
 PSPermGen       total 21504K, used 20171K [0x00000000bd400000, 0x00000000be900000, 0x00000000c2600000)
  object space 21504K, 93% used [0x00000000bd400000,0x00000000be7b2ce8,0x00000000be900000)
}
Event: 5.057 GC heap before
{Heap before GC invocations=7 (full 0):
 PSYoungGen      total 129024K, used 128997K [0x00000000eb700000, 0x00000000f4900000, 0x0000000100000000)
  eden space 122368K, 100% used [0x00000000eb700000,0x00000000f2e80000,0x00000000f2e80000)
  from space 6656K, 99% used [0x00000000f3980000,0x00000000f3ff96d8,0x00000000f4000000)
  to   space 11264K, 0% used [0x00000000f2e80000,0x00000000f2e80000,0x00000000f3980000)
 ParOldGen       total 41984K, used 10403K [0x00000000c2600000, 0x00000000c4f00000, 0x00000000eb700000)
  object space 41984K, 24% used [0x00000000c2600000,0x00000000c3028f68,0x00000000c4f00000)
 PSPermGen       total 26624K, used 26474K [0x00000000bd400000, 0x00000000bee00000, 0x00000000c2600000)
  object space 26624K, 99% used [0x00000000bd400000,0x00000000bedda940,0x00000000bee00000)
Event: 5.102 GC heap after
Heap after GC invocations=7 (full 0):
 PSYoungGen      total 133632K, used 11261K [0x00000000eb700000, 0x00000000fca00000, 0x0000000100000000)
  eden space 122368K, 0% used [0x00000000eb700000,0x00000000eb700000,0x00000000f2e80000)
  from space 11264K, 99% used [0x00000000f2e80000,0x00000000f397f7a0,0x00000000f3980000)
  to   space 18432K, 0% used [0x00000000fb800000,0x00000000fb800000,0x00000000fca00000)
 ParOldGen       total 41984K, used 20187K [0x00000000c2600000, 0x00000000c4f00000, 0x00000000eb700000)
  object space 41984K, 48% used [0x00000000c2600000,0x00000000c39b6e00,0x00000000c4f00000)
 PSPermGen       total 26624K, used 26474K [0x00000000bd400000, 0x00000000bee00000, 0x00000000c2600000)
  object space 26624K, 99% used [0x00000000bd400000,0x00000000bedda940,0x00000000bee00000)
}

