# JRE version: Java(TM) SE Runtime Environment (7.0_80-b15) (build 1.7.0_80-b15)
# Java VM: Java HotSpot(TM) 64-Bit Server VM (24.80-b11 mixed mode linux-amd64 compressed oops)
Heap
 PSYoungGen      total 245248K, used 116706K [0x00000000eb700000, 0x00000000fc400000, 0x0000000100000000)
  eden space 244736K, 47% used [0x00000000eb700000,0x00000000f28f8a90,0x00000000fa600000)
  from space 512K, 0% used [0x00000000fa600000,0x00000000fa600000,0x00000000fa680000)
  to   space 15360K, 0% used [0x00000000fb500000,0x00000000fb500000,0x00000000fc400000)
 ParOldGen       total 41984K, used 10895K [0x00000000c2600000, 0x00000000c4f00000, 0x00000000eb700000)
  object space 41984K, 25% used [0x00000000c2600000,0x00000000c30a3da0,0x00000000c4f00000)
 PSPermGen       total 43008K, used 31010K [0x00000000bd400000, 0x00000000bfe00000, 0x00000000c2600000)
  object space 43008K, 72% used [0x00000000bd400000,0x00000000bf248a08,0x00000000bfe00000)
GC Heap History (10 events):
Event: 967.534 GC heap before
{Heap before GC invocations=27 (full 10):
 PSYoungGen      total 245248K, used 160K [0x00000000eb700000, 0x00000000fc700000, 0x0000000100000000)
  eden space 244736K, 0% used [0x00000000eb700000,0x00000000eb700000,0x00000000fa600000)
  from space 512K, 31% used [0x00000000fa600000,0x00000000fa628000,0x00000000fa680000)
  to   space 16896K, 0% used [0x00000000fb680000,0x00000000fb680000,0x00000000fc700000)
 ParOldGen       total 41984K, used 13764K [0x00000000c2600000, 0x00000000c4f00000, 0x00000000eb700000)
  object space 41984K, 32% used [0x00000000c2600000,0x00000000c33711b8,0x00000000c4f00000)
 PSPermGen       total 49664K, used 30884K [0x00000000bd400000, 0x00000000c0480000, 0x00000000c2600000)
  object space 49664K, 62% used [0x00000000bd400000,0x00000000bf229390,0x00000000c0480000)
Event: 967.625 GC heap after
Heap after GC invocations=27 (full 10):
 PSYoungGen      total 245248K, used 0K [0x00000000eb700000, 0x00000000fc700000, 0x0000000100000000)
  eden space 244736K, 0% used [0x00000000eb700000,0x00000000eb700000,0x00000000fa600000)
  from space 512K, 0% used [0x00000000fa600000,0x00000000fa600000,0x00000000fa680000)
  to   space 16896K, 0% used [0x00000000fb680000,0x00000000fb680000,0x00000000fc700000)
 ParOldGen       total 41984K, used 13764K [0x00000000c2600000, 0x00000000c4f00000, 0x00000000eb700000)
  object space 41984K, 32% used [0x00000000c2600000,0x00000000c33713c0,0x00000000c4f00000)
 PSPermGen       total 47104K, used 30876K [0x00000000bd400000, 0x00000000c0200000, 0x00000000c2600000)
  object space 47104K, 65% used [0x00000000bd400000,0x00000000bf227050,0x00000000c0200000)
}
Event: 1129.660 GC heap before
{Heap before GC invocations=28 (full 10):
 PSYoungGen      total 245248K, used 14658K [0x00000000eb700000, 0x00000000fc700000, 0x0000000100000000)
  eden space 244736K, 5% used [0x00000000eb700000,0x00000000ec5509e8,0x00000000fa600000)
  from space 512K, 0% used [0x00000000fa600000,0x00000000fa600000,0x00000000fa680000)
  to   space 16896K, 0% used [0x00000000fb680000,0x00000000fb680000,0x00000000fc700000)
 ParOldGen       total 41984K, used 13764K [0x00000000c2600000, 0x00000000c4f00000, 0x00000000eb700000)
  object space 41984K, 32% used [0x00000000c2600000,0x00000000c33713c0,0x00000000c4f00000)
 PSPermGen       total 47104K, used 30892K [0x00000000bd400000, 0x00000000c0200000, 0x00000000c2600000)
  object space 47104K, 65% used [0x00000000bd400000,0x00000000bf22b3a0,0x00000000c0200000)
Event: 1129.667 GC heap after
Heap after GC invocations=28 (full 10):
 PSYoungGen      total 259584K, used 160K [0x00000000eb700000, 0x00000000fc500000, 0x0000000100000000)
  eden space 244736K, 0% used [0x00000000eb700000,0x00000000eb700000,0x00000000fa600000)
  from space 14848K, 1% used [0x00000000fb680000,0x00000000fb6a8000,0x00000000fc500000)
  to   space 15872K, 0% used [0x00000000fa600000,0x00000000fa600000,0x00000000fb580000)
 ParOldGen       total 41984K, used 13764K [0x00000000c2600000, 0x00000000c4f00000, 0x00000000eb700000)
  object space 41984K, 32% used [0x00000000c2600000,0x00000000c33713c0,0x00000000c4f00000)
 PSPermGen       total 47104K, used 30892K [0x00000000bd400000, 0x00000000c0200000, 0x00000000c2600000)
  object space 47104K, 65% used [0x00000000bd400000,0x00000000bf22b3a0,0x00000000c0200000)
}
Event: 1129.667 GC heap before
{Heap before GC invocations=29 (full 11):
 PSYoungGen      total 259584K, used 160K [0x00000000eb700000, 0x00000000fc500000, 0x0000000100000000)
  eden space 244736K, 0% used [0x00000000eb700000,0x00000000eb700000,0x00000000fa600000)
  from space 14848K, 1% used [0x00000000fb680000,0x00000000fb6a8000,0x00000000fc500000)
  to   space 15872K, 0% used [0x00000000fa600000,0x00000000fa600000,0x00000000fb580000)
 ParOldGen       total 41984K, used 13764K [0x00000000c2600000, 0x00000000c4f00000, 0x00000000eb700000)
  object space 41984K, 32% used [0x00000000c2600000,0x00000000c33713c0,0x00000000c4f00000)
 PSPermGen       total 47104K, used 30892K [0x00000000bd400000, 0x00000000c0200000, 0x00000000c2600000)
  object space 47104K, 65% used [0x00000000bd400000,0x00000000bf22b3a0,0x00000000c0200000)
Event: 1129.811 GC heap after
Heap after GC invocations=29 (full 11):
 PSYoungGen      total 259584K, used 0K [0x00000000eb700000, 0x00000000fc500000, 0x0000000100000000)
  eden space 244736K, 0% used [0x00000000eb700000,0x00000000eb700000,0x00000000fa600000)
  from space 14848K, 0% used [0x00000000fb680000,0x00000000fb680000,0x00000000fc500000)
  to   space 15872K, 0% used [0x00000000fa600000,0x00000000fa600000,0x00000000fb580000)
 ParOldGen       total 41984K, used 11046K [0x00000000c2600000, 0x00000000c4f00000, 0x00000000eb700000)
  object space 41984K, 26% used [0x00000000c2600000,0x00000000c30c9b80,0x00000000c4f00000)
 PSPermGen       total 44544K, used 30805K [0x00000000bd400000, 0x00000000bff80000, 0x00000000c2600000)
  object space 44544K, 69% used [0x00000000bd400000,0x00000000bf215668,0x00000000bff80000)
}
Event: 2331.907 GC heap before
{Heap before GC invocations=30 (full 11):
 PSYoungGen      total 259584K, used 31953K [0x00000000eb700000, 0x00000000fc500000, 0x0000000100000000)
  eden space 244736K, 13% used [0x00000000eb700000,0x00000000ed6346b0,0x00000000fa600000)
  from space 14848K, 0% used [0x00000000fb680000,0x00000000fb680000,0x00000000fc500000)
  to   space 15872K, 0% used [0x00000000fa600000,0x00000000fa600000,0x00000000fb580000)
 ParOldGen       total 41984K, used 11046K [0x00000000c2600000, 0x00000000c4f00000, 0x00000000eb700000)
  object space 41984K, 26% used [0x00000000c2600000,0x00000000c30c9b80,0x00000000c4f00000)
 PSPermGen       total 44544K, used 30868K [0x00000000bd400000, 0x00000000bff80000, 0x00000000c2600000)
  object space 44544K, 69% used [0x00000000bd400000,0x00000000bf2250d0,0x00000000bff80000)
Event: 2331.913 GC heap after
Heap after GC invocations=30 (full 11):
 PSYoungGen      total 245248K, used 160K [0x00000000eb700000, 0x00000000fc400000, 0x0000000100000000)
  eden space 244736K, 0% used [0x00000000eb700000,0x00000000eb700000,0x00000000fa600000)
  from space 512K, 31% used [0x00000000fa600000,0x00000000fa628000,0x00000000fa680000)
  to   space 15360K, 0% used [0x00000000fb500000,0x00000000fb500000,0x00000000fc400000)
 ParOldGen       total 41984K, used 11046K [0x00000000c2600000, 0x00000000c4f00000, 0x00000000eb700000)
  object space 41984K, 26% used [0x00000000c2600000,0x00000000c30c9b80,0x00000000c4f00000)
 PSPermGen       total 44544K, used 30868K [0x00000000bd400000, 0x00000000bff80000, 0x00000000c2600000)
  object space 44544K, 69% used [0x00000000bd400000,0x00000000bf2250d0,0x00000000bff80000)
}
Event: 2331.913 GC heap before
{Heap before GC invocations=31 (full 12):
 PSYoungGen      total 245248K, used 160K [0x00000000eb700000, 0x00000000fc400000, 0x0000000100000000)
  eden space 244736K, 0% used [0x00000000eb700000,0x00000000eb700000,0x00000000fa600000)
  from space 512K, 31% used [0x00000000fa600000,0x00000000fa628000,0x00000000fa680000)
  to   space 15360K, 0% used [0x00000000fb500000,0x00000000fb500000,0x00000000fc400000)
 ParOldGen       total 41984K, used 11046K [0x00000000c2600000, 0x00000000c4f00000, 0x00000000eb700000)
  object space 41984K, 26% used [0x00000000c2600000,0x00000000c30c9b80,0x00000000c4f00000)
 PSPermGen       total 44544K, used 30868K [0x00000000bd400000, 0x00000000bff80000, 0x00000000c2600000)
  object space 44544K, 69% used [0x00000000bd400000,0x00000000bf2250d0,0x00000000bff80000)
Event: 2332.044 GC heap after
Heap after GC invocations=31 (full 12):
 PSYoungGen      total 245248K, used 0K [0x00000000eb700000, 0x00000000fc400000, 0x0000000100000000)
  eden space 244736K, 0% used [0x00000000eb700000,0x00000000eb700000,0x00000000fa600000)
  from space 512K, 0% used [0x00000000fa600000,0x00000000fa600000,0x00000000fa680000)
  to   space 15360K, 0% used [0x00000000fb500000,0x00000000fb500000,0x00000000fc400000)
 ParOldGen       total 41984K, used 10895K [0x00000000c2600000, 0x00000000c4f00000, 0x00000000eb700000)
  object space 41984K, 25% used [0x00000000c2600000,0x00000000c30a3da0,0x00000000c4f00000)
 PSPermGen       total 43008K, used 30845K [0x00000000bd400000, 0x00000000bfe00000, 0x00000000c2600000)
  object space 43008K, 71% used [0x00000000bd400000,0x00000000bf21f708,0x00000000bfe00000)
}

